make all --print-data-base --no-builtin-variables --no-builtin-rules --question
# GNU Make 3.81
# Copyright (C) 2006  Free Software Foundation, Inc.
# This is free software; see the source for copying conditions.
# There is NO warranty; not even for MERCHANTABILITY or FITNESS FOR A
# PARTICULAR PURPOSE.

# This program built for i386-apple-darwin11.3.0
 

# Make data base, printed on Sun Feb 20 19:23:00 2022

# Variables

# automatic
<D = $(patsubst %/,%,$(dir $<))
# automatic
?F = $(notdir $?)
# environment
VSCODE_LOG_NATIVE = false
# automatic
?D = $(patsubst %/,%,$(dir $?))
# automatic
@D = $(patsubst %/,%,$(dir $@))
# automatic
@F = $(notdir $@)
# makefile
CURDIR := /Users/amiratamakloe/OneDrive - polymtl.ca/session 2/INF1015/LABO/TD3-H22-Fichiers 
# makefile
SHELL = /bin/sh
 
# makefile (from `makefile', line 4)
RM = rm -f
# environment
VSCODE_NLS_CONFIG = {"locale":"fr","availableLanguages":{"*":"fr"},"_languagePackId":"8b52e95f1f720b04e73e055c4640de39.fr","_translationsConfigFile":"/Users/amiratamakloe/Library/Application Support/Code/clp/8b52e95f1f720b04e73e055c4640de39.fr/tcf.json","_cacheRoot":"/Users/amiratamakloe/Library/Application Support/Code/clp/8b52e95f1f720b04e73e055c4640de39.fr","_resolvedLanguagePackCoreLocation":"/Users/amiratamakloe/Library/Application Support/Code/clp/8b52e95f1f720b04e73e055c4640de39.fr/f80445acd5a3dadef24aa209168452a3d97cc326","_corruptedFile":"/Users/amiratamakloe/Library/Application Support/Code/clp/8b52e95f1f720b04e73e055c4640de39.fr/corrupted.info","_languagePackSupport":true}
# environment
_ = /usr/bin/make
# makefile (from `makefile', line 1)
MAKEFILE_LIST :=  makefile
# makefile (from `makefile', line 13)
CXXFLAGS = -ansi --coverage -g -pedantic -std=c++20 -Wall
# environment
VSCODE_VERBOSE_LOGGING = true
# environment
__CFBundleIdentifier = com.microsoft.VSCode
# environment
VSCODE_IPC_HOOK_EXTHOST = /var/folders/p3/n4v8x9ts6vx09f0dl2q1k4h00000gn/T/vscode-ipc-22356dc8-f110-4632-a0c8-dd6aaa650d9c.sock
# environment
VSCODE_CWD = /
# environment
PATH = /Users/amiratamakloe/opt/anaconda3/bin:/Users/amiratamakloe/opt/anaconda3/condabin:/Library/Frameworks/Python.framework/Versions/3.9/bin:/usr/local/bin:/usr/bin:/bin:/usr/sbin:/sbin:/Applications/VMware Fusion.app/Contents/Public
# environment
VSCODE_LOG_STACK = false
# environment
ELECTRON_RUN_AS_NODE = 1
# makefile (from `makefile', line 22)
LDFLAGS = 
# default
.FEATURES := target-specific order-only second-expansion else-if archives jobserver check-symlink
# environment
SSH_AUTH_SOCK = /private/tmp/com.apple.launchd.1KlSfzBVsO/Listeners
# automatic
%F = $(notdir $%)
# environment
CONDA_EXE = /Users/amiratamakloe/opt/anaconda3/bin/conda
# environment
VSCODE_PIPE_LOGGING = true
# makefile (from `makefile', line 27)
OBJS = $(subst .cpp,.o,$(SRCS))
# environment
PWD = /Users/amiratamakloe/OneDrive - polymtl.ca/session 2/INF1015/LABO/TD3-H22-Fichiers 
# environment
ORIGINAL_XDG_CURRENT_DESKTOP = undefined
# environment
VSCODE_AMD_ENTRYPOINT = vs/workbench/services/extensions/node/extensionHostProcess
# environment
HOME = /Users/amiratamakloe
# default
MAKEFILEPATH = $(shell /usr/bin/xcode-select -print-path 2>/dev/null || echo /Developer)/Makefiles
# environment
VSCODE_CODE_CACHE_PATH = /Users/amiratamakloe/Library/Application Support/Code/CachedData/f80445acd5a3dadef24aa209168452a3d97cc326
# environment
LOGNAME = amiratamakloe
# environment
APPLICATION_INSIGHTS_NO_DIAGNOSTIC_CHANNEL = 1
# makefile (from `makefile', line 23)
IDIR = include
# environment
CONDA_PROMPT_MODIFIER = (base) 
# environment
VSCODE_HANDLES_UNCAUGHT_ERRORS = true
# automatic
^D = $(patsubst %/,%,$(dir $^))
# environment
CONDA_DEFAULT_ENV = base
# environment
XPC_FLAGS = 0x0
# default
MAKE = $(MAKE_COMMAND)
# default
MAKECMDGOALS := all
# makefile (from `makefile', line 25)
SRCS = td2.cpp bibliotheque_cours.cpp verification_allocation.cpp
# environment
SHLVL = 1
# makefile (from `makefile', line 29)
EXEC = td2.out
# default
MAKE_VERSION := 3.81
# environment
USER = amiratamakloe
# makefile
.DEFAULT_GOAL := all
# automatic
%D = $(patsubst %/,%,$(dir $%))
# environment
 
CONDA_SHLVL = 1
# default
MAKE_COMMAND := /Library/Developer/CommandLineTools/usr/bin/make
# default
.VARIABLES := 
# environment
TMPDIR = /var/folders/p3/n4v8x9ts6vx09f0dl2q1k4h00000gn/T/
# automatic
*F = $(notdir $*)
# makefile (from `makefile', line 32)
ZIPNAME = $(PROJECTNAME)_2121489_2141493.zip
# environment
VSCODE_IPC_HOOK = /Users/amiratamakloe/Library/Application Support/Code/1.64.2-main.sock
# makefile
MAKEFLAGS = Rrqp
# environment
MFLAGS = -Rrqp
# automatic
*D = $(patsubst %/,%,$(dir $*))
# environment
XPC_SERVICE_NAME = application.com.microsoft.VSCode.15449671.15449677
# automatic
+D = $(patsubst %/,%,$(dir $+))
# automatic
+F = $(notdir $+)
# environment
__CF_USER_TEXT_ENCODING = 0x1F5:0x0:0xB
# environment
COMMAND_MODE = unix2003
# default
MAKEFILES := 
# automatic
<F = $(notdir $<)
# makefile (from `makefile', line 3)
CXX = g++
# makefile (from `makefile', line 31)
PROJECTNAME = TD2
# environment
LC_ALL = C
# environment
CONDA_PYTHON_EXE = /Users/amiratamakloe/opt/anaconda3/bin/python
# automatic
^F = $(notdir $^)
# makefile (from `makefile', line 26)
DEPS = bibliotheque_cours.hpp structures.hpp verification_allocation.hpp
# default
SUFFIXES := 
# environment
_CE_M = 
# default
.INCLUDE_DIRS = /usr/local/include
# environment
MAKELEVEL := 0
# environment
CONDA_PREFIX = /Users/amiratamakloe/opt/anaconda3
# environment
VSCODE_PID = 41272
# environment
_CE_CONDA = 
# environment
LANG = C
# variable set hash-table stats:
# Load=81/1024=8%, Rehash=0, Collisions=4/113=4%

# Pattern-specific Variable Values

# No pattern-specific variable values.

# Directories

# . (device 16777224, inode 15976577): 26 files, no impossibilities.

# 26 files, no impossibilities in 1 directories.

# Implicit Rules

# No implicit rules.

# Files

# Not a target:
bibliotheque_cours.cpp:
#  Implicit rule search has been done.
#  Last modified 2021-09-16 16:16:48
#  File has been updated.
#  Successfully updated.
# variable set hash-table stats:
# Load=0/32=0%, Rehash=0, Collisions=0/0=0%

all: run
#  Command-line target.
#  Implicit rule search has been done.
#  File does not exist.
#  File has been updated.
#  Needs to be updated (-q is set).
# variable set hash-table stats:
# Load=0/32=0%, Rehash=0, Collisions=0/3=0%

zip: td2.cpp bibliotheque_cours.cpp verification_allocation.cpp
#  Implicit rule search has not been done.
#  Modification time never checked.
#  File has not been updated.
#  commands to execute (from `makefile', line 48):
	zip $(ZIPNAME) $(SRCS)
	

# Not a target:
.SUFFIXES:
#  Implicit rule search has not been done.
#  Modification time never checked.
#  File has not been updated.

# Not a target:
makefile:
#  Implicit rule search has been done.
#  Last modified 2022-02-08 12:59:53
#  File has been updated.
#  Successfully updated.
# variable set hash-table stats:
# Load=0/32=0%, Rehash=0, Collisions=0/0=0%

build: td2.out
#  Implicit rule search has not been done.
#  Modification time never checked.
#  File has not been updated.

# Not a target:
.DEFAULT:
#  Implicit rule search has not been done.
#  Modification time never checked.
#  File has not been updated.

# Not a target:
verification_allocation.cpp:
#  Implicit rule search has been done.
#  Last modified 2022-01-28 20:14:06
#  File has been updated.
#  Successfully updated.
# variable set hash-table stats:
# Load=0/32=0%, Rehash=0, Collisions=0/0=0%

td2.out: td2.cpp bibliotheque_cours.cpp verification_allocation.cpp
#  Implicit rule search has not been done.
#  Last modified 2022-02-13 22:34:43
#  File has been updated.
#  Successfully updated.
# variable set hash-table stats:
# Load=0/32=0%, Rehash=0, Collisions=0/0=0%
#  commands to execute (from `makefile', line 37):
	$(CXX) $(CXXFLAGS) $(LDFLAGS) -I$(IDIR) -o $@ $^
	

run: td2.out
#  Implicit rule search has not been done.
#  Implicit/static pattern stem: `'
#  File does not exist.
#  File has been updated.
#  Needs to be updated (-q is set).
# automatic
# @ := run
# automatic
# % := 
# automatic
# * := 
# automatic
# + := td2.out
# automatic
# | := 
# automatic
# < := td2.out
# automatic
# ^ := td2.out
# automatic
# ? := td2.out
# variable set hash-table stats:
# Load=8/32=25%, Rehash=0, Collisions=3/11=27%
#  commands to execute (from `makefile', line 42):
	./$(EXEC)
	

clean:
#  Implicit rule search has not been done.
#  Modification time never checked.
#  File has not been updated.
#  commands to execute (from `makefile', line 45):
	$(RM) $(OBJS) $(EXEC) $(ZIPNAME) *.gch *.gcda *.gcno
	

# Not a target:
td2.cpp:
#  Implicit rule search has been done.
#  Last modified 2022-01-28 20:40:36
#  File has been updated.
#  Successfully updated.
# variable set hash-table stats:
# Load=0/32=0%, Rehash=0, Collisions=0/0=0%

# files hash-table stats:
# Load=12/1024=1%, Rehash=0, Collisions=0/35=0%
# VPATH Search Paths

# No `vpath' search paths.

# No general (`VPATH' variable) search path.

# # of strings in strcache: 1
# # of strcache buffers: 1
# strcache size: total = 4096 / max = 4096 / min = 4096 / avg = 4096
# strcache free: total = 4087 / max = 4087 / min = 4087 / avg = 4087

# Finished Make data base on Sun Feb 20 19:23:00 2022

 
